// 重构日志: 798b23eb
// 重构日志: 75d74373
// 重构日志: 589563b1
// 重构日志: 104d7bd1
// 重构日志: 60ac51e1
// 重构日志: 67a337d2
// 同步 ID: f98c166e @ Thu Jul  9 18:05:49 UTC 2026
// 重构日志: f8ebb35d
// 重构日志: 725c0bd6
// 同步 ID: 4383dc95 @ Sat Jul 11 14:51:31 UTC 2026
// 重构日志: 5fe672e9
// 同步 ID: f5a9f7ee @ Mon Jul 13 17:44:11 UTC 2026
// 重构日志: 51fc6769
// 重构日志: 5e5e1630
// 重构日志: e4516386
// 同步 ID: 70e411ce @ Fri Jul 17 01:46:12 UTC 2026
// 重构日志: eb99e7e6
// 重构日志: 1fc1da91
// 重构日志: 54da769c
// 同步 ID: d5886743 @ Sat Jul 18 10:18:57 UTC 2026
// 重构日志: 12d5cbcb
// 重构日志: dafc2dee
// 同步 ID: 16da543c @ Sat Jul 18 18:33:49 UTC 2026
// 重构日志: b0b10b34
// 重构日志: 030f9648
// 重构日志: b48f8d39
// 重构日志: c8f1bebf
// 重构日志: add12908
// 重构日志: 46c20f75
// 同步 ID: 4c8ceeff @ Mon Jul 20 16:06:23 UTC 2026
